Determining if the pthread_create exist failed with the following output:
Change Dir: /home/bekos/code/gbkfit/gbkfit/CMakeFiles/CMakeTmp

Run Build Command:"/usr/bin/make" "cmTC_8a0de/fast"
/usr/bin/make -f CMakeFiles/cmTC_8a0de.dir/build.make CMakeFiles/cmTC_8a0de.dir/build
make[1]: Entering directory '/home/bekos/code/gbkfit/gbkfit/CMakeFiles/CMakeTmp'
Building C object CMakeFiles/cmTC_8a0de.dir/CheckSymbolExists.c.o
/usr/bin/cc    -fPIC    -o CMakeFiles/cmTC_8a0de.dir/CheckSymbolExists.c.o   -c /home/bekos/code/gbkfit/gbkfit/CMakeFiles/CMakeTmp/CheckSymbolExists.c
Linking C executable cmTC_8a0de
/usr/bin/cmake -E cmake_link_script CMakeFiles/cmTC_8a0de.dir/link.txt --verbose=1
/usr/bin/cc  -fPIC     CMakeFiles/cmTC_8a0de.dir/CheckSymbolExists.c.o  -o cmTC_8a0de 
CMakeFiles/cmTC_8a0de.dir/CheckSymbolExists.c.o: In function `main':
CheckSymbolExists.c:(.text+0x1b): undefined reference to `pthread_create'
collect2: error: ld returned 1 exit status
CMakeFiles/cmTC_8a0de.dir/build.make:97: recipe for target 'cmTC_8a0de' failed
make[1]: *** [cmTC_8a0de] Error 1
make[1]: Leaving directory '/home/bekos/code/gbkfit/gbkfit/CMakeFiles/CMakeTmp'
Makefile:126: recipe for target 'cmTC_8a0de/fast' failed
make: *** [cmTC_8a0de/fast] Error 2

File /home/bekos/code/gbkfit/gbkfit/CMakeFiles/CMakeTmp/CheckSymbolExists.c:
/* */
#include <pthread.h>

int main(int argc, char** argv)
{
  (void)argv;
#ifndef pthread_create
  return ((int*)(&pthread_create))[argc];
#else
  (void)argc;
  return 0;
#endif
}

Determining if the function pthread_create exists in the pthreads failed with the following output:
Change Dir: /home/bekos/code/gbkfit/gbkfit/CMakeFiles/CMakeTmp

Run Build Command:"/usr/bin/make" "cmTC_13fe9/fast"
/usr/bin/make -f CMakeFiles/cmTC_13fe9.dir/build.make CMakeFiles/cmTC_13fe9.dir/build
make[1]: Entering directory '/home/bekos/code/gbkfit/gbkfit/CMakeFiles/CMakeTmp'
Building C object CMakeFiles/cmTC_13fe9.dir/CheckFunctionExists.c.o
/usr/bin/cc    -fPIC -DCHECK_FUNCTION_EXISTS=pthread_create   -o CMakeFiles/cmTC_13fe9.dir/CheckFunctionExists.c.o   -c /usr/share/cmake-3.5/Modules/CheckFunctionExists.c
Linking C executable cmTC_13fe9
/usr/bin/cmake -E cmake_link_script CMakeFiles/cmTC_13fe9.dir/link.txt --verbose=1
/usr/bin/cc  -fPIC -DCHECK_FUNCTION_EXISTS=pthread_create    CMakeFiles/cmTC_13fe9.dir/CheckFunctionExists.c.o  -o cmTC_13fe9 -lpthreads 
/usr/bin/ld: cannot find -lpthreads
collect2: error: ld returned 1 exit status
CMakeFiles/cmTC_13fe9.dir/build.make:97: recipe for target 'cmTC_13fe9' failed
make[1]: *** [cmTC_13fe9] Error 1
make[1]: Leaving directory '/home/bekos/code/gbkfit/gbkfit/CMakeFiles/CMakeTmp'
Makefile:126: recipe for target 'cmTC_13fe9/fast' failed
make: *** [cmTC_13fe9/fast] Error 2


